\BOOKMARK [0][-]{chapter*.2}{\376\377\000R\000\351\000s\000u\000m\000\351}{}% 1
\BOOKMARK [0][-]{chapter.1}{\376\377\000I\000n\000t\000r\000o\000d\000u\000c\000t\000i\000o\000n}{}% 2
\BOOKMARK [1][-]{section.1.1}{\376\377\000C\000o\000n\000t\000e\000x\000t\000e}{chapter.1}% 3
\BOOKMARK [1][-]{section.1.2}{\376\377\000O\000r\000g\000a\000n\000i\000s\000a\000t\000i\000o\000n\000\040\000d\000u\000\040\000r\000a\000p\000p\000o\000r\000t}{chapter.1}% 4
\BOOKMARK [0][-]{chapter.2}{\376\377\000P\000r\000\351\000s\000e\000n\000t\000a\000t\000i\000o\000n\000\040\000d\000e\000s\000\040\000c\000a\000p\000t\000e\000u\000r\000s\000\040\000e\000t\000\040\000t\000r\000a\000i\000t\000e\000m\000e\000n\000t\000\040\000d\000e\000s\000\040\000s\000i\000g\000n\000a\000u\000x\000\040\000\050\000P\000a\000r\000t\000i\000e\000\040\000T\000P\000\051}{}% 5
\BOOKMARK [1][-]{section.2.1}{\376\377\000P\000r\000\351\000s\000e\000n\000t\000a\000t\000i\000o\000n\000\040\000d\000e\000s\000\040\000c\000a\000p\000t\000e\000u\000r\000s\000\040\000\340\000\040\000d\000i\000s\000p\000o\000s\000i\000t\000i\000o\000n}{chapter.2}% 6
\BOOKMARK [2][-]{subsection.2.1.1}{\376\377\000C\000a\000p\000t\000e\000u\000r\000\040\000G\000N\000S\000S\000\040\000\050\000T\000E\000L\0000\0001\0005\0007\000\051}{section.2.1}% 7
\BOOKMARK [2][-]{subsection.2.1.2}{\376\377\000A\000c\000c\000\351\000l\000\351\000r\000o\000m\000\350\000t\000r\000e\000\040\000e\000t\000\040\000G\000y\000r\000o\000s\000c\000o\000p\000e\000\040\000\050\000M\000i\000n\000I\000M\000U\000-\0009\000\040\000v\0006\000\051}{section.2.1}% 8
\BOOKMARK [2][-]{subsection.2.1.3}{\376\377\000C\000a\000p\000t\000e\000u\000r\000\040\000L\000i\000D\000A\000R\000\040\000\050\000R\000P\000L\000i\000D\000A\000R\000\040\000A\0001\000M\0008\000\051}{section.2.1}% 9
\BOOKMARK [0][-]{chapter.3}{\376\377\000S\000y\000s\000t\000\350\000m\000e\000\040\000d\040\031\000a\000c\000q\000u\000i\000s\000i\000t\000i\000o\000n}{}% 10
\BOOKMARK [1][-]{section.3.1}{\376\377\000M\000o\000n\000t\000a\000g\000e\000\040\000\351\000l\000e\000c\000t\000r\000o\000n\000i\000q\000u\000e\000\040\000e\000t\000\040\000D\000e\000s\000c\000r\000i\000p\000t\000i\000o\000n\000\040\000d\000u\000\040\000s\000y\000s\000t\000\350\000m\000e}{chapter.3}% 11
\BOOKMARK [1][-]{section.3.2}{\376\377\000C\000h\000o\000i\000x\000\040\000d\000e\000s\000\040\000p\000a\000r\000a\000m\000\350\000t\000r\000e\000s\000\040\000d\040\031\000a\000c\000q\000u\000i\000s\000i\000t\000i\000o\000n}{chapter.3}% 12
\BOOKMARK [1][-]{section.3.3}{\376\377\000S\000y\000n\000c\000h\000r\000o\000n\000i\000s\000a\000t\000i\000o\000n\000\040\000d\000e\000s\000\040\000c\000a\000p\000t\000e\000u\000r\000s}{chapter.3}% 13
\BOOKMARK [0][-]{chapter.4}{\376\377\000F\000u\000s\000i\000o\000n\000\040\000d\000e\000\040\000d\000o\000n\000n\000\351\000e\000s}{}% 14
\BOOKMARK [1][-]{section.4.1}{\376\377\000D\000\351\000f\000i\000n\000i\000t\000i\000o\000n\000\040\000e\000t\000\040\000u\000t\000i\000l\000i\000t\000\351}{chapter.4}% 15
\BOOKMARK [1][-]{section.4.2}{\376\377\000I\000m\000p\000l\000\351\000m\000e\000n\000t\000a\000t\000i\000o\000n}{chapter.4}% 16
\BOOKMARK [1][-]{section.4.3}{\376\377\000D\000i\000f\000f\000i\000c\000u\000l\000t\000\351\000s\000\040\000r\000e\000n\000c\000o\000n\000t\000r\000\351\000e\000s}{chapter.4}% 17
\BOOKMARK [0][-]{chapter.5}{\376\377\000A\000n\000a\000l\000y\000s\000e\000\040\000d\000e\000s\000\040\000p\000e\000r\000f\000o\000r\000m\000a\000n\000c\000e\000s}{}% 18
\BOOKMARK [1][-]{section.5.1}{\376\377\000M\000\351\000t\000h\000o\000d\000o\000l\000o\000g\000i\000e\000\040\000d\040\031\000a\000n\000a\000l\000y\000s\000e}{chapter.5}% 19
\BOOKMARK [1][-]{section.5.2}{\376\377\000S\000c\000\351\000n\000a\000r\000i\000o\000s\000\040\000d\000e\000\040\000t\000e\000s\000t\000s}{chapter.5}% 20
\BOOKMARK [1][-]{section.5.3}{\376\377\000A\000n\000a\000l\000y\000s\000e\000\040\000s\000t\000a\000t\000i\000s\000t\000i\000q\000u\000e\000\040\000d\000e\000s\000\040\000r\000\351\000s\000u\000l\000t\000a\000t\000s}{chapter.5}% 21
\BOOKMARK [2][-]{subsection.5.3.1}{\376\377\000P\000a\000r\000t\000i\000e\000\040\000G\000P\000S}{section.5.3}% 22
\BOOKMARK [2][-]{subsection.5.3.2}{\376\377\000P\000a\000r\000t\000i\000e\000\040\000I\000M\000U}{section.5.3}% 23
\BOOKMARK [0][-]{chapter.6}{\376\377\000I\000m\000p\000l\000\351\000m\000e\000n\000t\000a\000t\000i\000o\000n\000\040\000f\000i\000n\000a\000l\000e}{}% 24
\BOOKMARK [1][-]{section.6.1}{\376\377\000G\000r\000a\000n\000d\000e\000s\000\040\000\351\000t\000a\000p\000e\000s\000\040\000d\000e\000\040\000l\000'\000i\000m\000p\000l\000\351\000m\000e\000n\000t\000a\000t\000i\000o\000n}{chapter.6}% 25
\BOOKMARK [0][-]{chapter.7}{\376\377\000F\000o\000n\000c\000t\000i\000o\000n\000n\000a\000l\000i\000t\000\351\000s\000\040\000s\000u\000p\000p\000l\000\351\000m\000e\000n\000t\000a\000i\000r\000e\000s}{}% 26
\BOOKMARK [1][-]{section.7.1}{\376\377\000C\000a\000l\000c\000u\000l\000\040\000d\000e\000\040\000d\000i\000s\000t\000a\000n\000c\000e\000\040\000e\000t\000\040\000v\000i\000t\000e\000s\000s\000e}{chapter.7}% 27
\BOOKMARK [1][-]{section.7.2}{\376\377\000C\000o\000m\000p\000t\000e\000u\000r\000\040\000d\000e\000\040\000p\000a\000s}{chapter.7}% 28
\BOOKMARK [0][-]{chapter.8}{\376\377\000C\000o\000n\000c\000l\000u\000s\000i\000o\000n}{}% 29
\BOOKMARK [1][-]{section.8.1}{\376\377\000S\000y\000n\000t\000h\000\350\000s\000e}{chapter.8}% 30
\BOOKMARK [1][-]{section.8.2}{\376\377\000A\000x\000e\000s\000\040\000d\040\031\000a\000m\000\351\000l\000i\000o\000r\000a\000t\000i\000o\000n}{chapter.8}% 31
