\BOOKMARK [0][-]{chapter.1}{\376\377\000R\000e\000m\000e\000r\000c\000i\000e\000m\000e\000n\000t\000s}{}% 1
\BOOKMARK [0][-]{chapter.2}{\376\377\000I\000n\000t\000r\000o\000d\000u\000c\000t\000i\000o\000n}{}% 2
\BOOKMARK [1][-]{section.2.1}{\376\377\000D\000i\000f\000f\000\351\000r\000e\000n\000t\000e\000s\000\040\000c\000o\000m\000p\000\351\000t\000e\000n\000c\000e\000s}{chapter.2}% 3
\BOOKMARK [2][-]{subsection.2.1.1}{\376\377\000A\000l\000g\000o\000r\000i\000t\000h\000m\000i\000q\000u\000e}{section.2.1}% 4
\BOOKMARK [2][-]{subsection.2.1.2}{\376\377\000\311\000l\000e\000c\000t\000r\000o\000n\000i\000q\000u\000e}{section.2.1}% 5
\BOOKMARK [1][-]{section.2.2}{\376\377\000O\000r\000g\000a\000n\000i\000s\000a\000t\000i\000o\000n\000\040\000d\000u\000\040\000t\000r\000a\000v\000a\000i\000l}{chapter.2}% 6
\BOOKMARK [0][-]{chapter.3}{\376\377\000P\000a\000r\000t\000i\000e\000\040\000\351\000l\000e\000c\000t\000r\000o\000n\000i\000q\000u\000e\000\040\000:\000\040\000s\000c\000h\000\351\000m\000a\000\040\000\351\000l\000e\000c\000t\000r\000i\000q\000u\000e}{}% 7
\BOOKMARK [1][-]{section.3.1}{\376\377\000E\000x\000p\000l\000i\000c\000a\000t\000i\000o\000n\000\040\000d\000u\000\040\000f\000o\000n\000c\000t\000i\000o\000n\000n\000e\000m\000e\000n\000t\000\040\000d\000e\000s\000\040\000d\000i\000f\000f\000\351\000r\000e\000n\000t\000s\000\040\000c\000o\000m\000p\000o\000s\000a\000n\000t\000s}{chapter.3}% 8
\BOOKMARK [2][-]{subsection.3.1.1}{\376\377\000L\000i\000s\000t\000e\000\040\000d\000e\000s\000\040\000d\000i\000f\000f\000\351\000r\000e\000n\000t\000s\000\040\000c\000o\000m\000p\000o\000s\000a\000n\000t\000s\000\040\000u\000t\000i\000l\000i\000s\000\351\000s}{section.3.1}% 9
\BOOKMARK [2][-]{subsection.3.1.2}{\376\377\000C\000a\000p\000t\000e\000u\000r\000\040\000\340\000\040\000u\000l\000t\000r\000a\000s\000o\000n}{section.3.1}% 10
\BOOKMARK [2][-]{subsection.3.1.3}{\376\377\000C\000a\000p\000t\000e\000u\000r\000s\000\040\000d\000e\000\040\000l\000i\000g\000n\000e}{section.3.1}% 11
\BOOKMARK [2][-]{subsection.3.1.4}{\376\377\000B\000o\000u\000t\000o\000n\000\040\000o\000n\000/\000o\000f\000f}{section.3.1}% 12
\BOOKMARK [2][-]{subsection.3.1.5}{\376\377\000L\000E\000D}{section.3.1}% 13
\BOOKMARK [2][-]{subsection.3.1.6}{\376\377\000C\000a\000r\000t\000e\000\040\000m\000o\000t\000e\000u\000r}{section.3.1}% 14
\BOOKMARK [2][-]{subsection.3.1.7}{\376\377\000B\000u\000z\000z\000e\000r}{section.3.1}% 15
\BOOKMARK [2][-]{subsection.3.1.8}{\376\377\000E\000c\000r\000a\000n\000\040\000L\000C\000D}{section.3.1}% 16
\BOOKMARK [2][-]{subsection.3.1.9}{\376\377\000L\000a\000\040\000c\000a\000r\000t\000e\000\040\000R\000a\000s\000p\000b\000e\000r\000r\000y}{section.3.1}% 17
\BOOKMARK [1][-]{section.3.2}{\376\377\000E\000x\000p\000l\000i\000c\000a\000t\000i\000o\000n\000\040\000d\000u\000\040\000c\000\342\000b\000l\000a\000g\000e}{chapter.3}% 18
\BOOKMARK [2][-]{subsection.3.2.1}{\376\377\000E\000x\000p\000l\000i\000c\000a\000t\000i\000o\000n\000\040\000d\000e\000s\000\040\000d\000i\000f\000f\000\351\000r\000e\000n\000t\000s\000\040\000G\000P\000I\000O\000\040\000u\000t\000i\000l\000i\000s\000\351\000s}{section.3.2}% 19
\BOOKMARK [2][-]{subsection.3.2.2}{\376\377\000E\000x\000p\000l\000i\000c\000a\000t\000i\000o\000n\000\040\000d\000u\000\040\000b\000r\000a\000n\000c\000h\000e\000m\000e\000n\000t\000\040\000d\000e\000\040\000l\000a\000\040\000L\000E\000D\000,\000\040\000d\000u\000\040\000b\000o\000u\000t\000o\000n\000,\000\040\000d\000e\000\040\000l\000'\000\351\000c\000r\000a\000n\000\040\000L\000C\000D}{section.3.2}% 20
\BOOKMARK [2][-]{subsection.3.2.3}{\376\377\000R\000\351\000a\000l\000i\000s\000a\000t\000i\000o\000n\000\040\000d\000u\000\040\000b\000i\000l\000a\000n\000\040\000\351\000n\000e\000r\000g\000\351\000t\000i\000q\000u\000e\000\040\000d\000u\000\040\000r\000o\000b\000o\000t}{section.3.2}% 21
\BOOKMARK [0][-]{chapter.4}{\376\377\000P\000r\000i\000n\000c\000i\000p\000e\000\040\000d\000e\000\040\000f\000o\000n\000c\000t\000i\000o\000n\000n\000e\000m\000e\000n\000t\000\040\000d\000u\000\040\000r\000o\000b\000o\000t}{}% 22
\BOOKMARK [1][-]{section.4.1}{\376\377\000F\000o\000n\000c\000t\000i\000o\000n\000n\000a\000l\000i\000t\000\351\000s\000\040\000d\000u\000\040\000r\000o\000b\000o\000t}{chapter.4}% 23
\BOOKMARK [1][-]{section.4.2}{\376\377\000P\000r\000i\000n\000c\000i\000p\000e\000\040\000d\000e\000\040\000p\000a\000r\000c\000o\000u\000r\000s\000:\000\040\000l\000i\000g\000n\000e\000s\000\040\000d\000r\000o\000i\000t\000e\000s\000\040\000e\000t\000\040\000v\000i\000r\000a\000g\000e\000s}{chapter.4}% 24
\BOOKMARK [2][-]{subsection.4.2.1}{\376\377\000L\000e\000s\000\040\000l\000i\000g\000n\000e\000s\000\040\000d\000r\000o\000i\000t\000e\000s}{section.4.2}% 25
\BOOKMARK [2][-]{subsection.4.2.2}{\376\377\000L\000e\000s\000\040\000v\000i\000r\000a\000g\000e\000s}{section.4.2}% 26
\BOOKMARK [0][-]{chapter.5}{\376\377\000P\000a\000r\000t\000i\000e\000\040\000a\000l\000g\000o\000r\000i\000t\000h\000m\000i\000q\000u\000e\000\040\000:\000\040\000a\000n\000a\000l\000y\000s\000e\000\040\000d\000u\000\040\000p\000r\000o\000b\000l\000\350\000m\000e}{}% 27
\BOOKMARK [1][-]{section.5.1}{\376\377\000D\000i\000f\000f\000\351\000r\000e\000n\000t\000e\000s\000\040\000c\000o\000m\000p\000\351\000t\000e\000n\000c\000e\000s}{chapter.5}% 28
\BOOKMARK [1][-]{section.5.2}{\376\377\000T\000y\000p\000e\000s\000\040\000a\000b\000s\000t\000r\000a\000i\000t\000s\000\040\000d\000e\000\040\000d\000o\000n\000n\000\351\000e\000s}{chapter.5}% 29
\BOOKMARK [2][-]{subsection.5.2.1}{\376\377\000L\000a\000b\000y\000r\000i\000n\000t\000h\000e}{section.5.2}% 30
\BOOKMARK [2][-]{subsection.5.2.2}{\376\377\000C\000a\000s\000e\000\040\000e\000t\000\040\000d\000i\000r\000e\000c\000t\000i\000o\000n}{section.5.2}% 31
\BOOKMARK [1][-]{section.5.3}{\376\377\000A\000n\000a\000l\000y\000s\000e\000s\000\040\000d\000e\000s\000c\000e\000n\000d\000a\000n\000t\000e\000s}{chapter.5}% 32
\BOOKMARK [0][-]{chapter.6}{\376\377\000C\000o\000n\000c\000e\000p\000t\000i\000o\000n\000\040\000p\000r\000\351\000l\000i\000m\000i\000n\000a\000i\000r\000e}{}% 33
\BOOKMARK [0][-]{chapter.7}{\376\377\000C\000o\000n\000c\000e\000p\000t\000i\000o\000n\000\040\000d\000\351\000t\000a\000i\000l\000l\000\351\000e}{}% 34
\BOOKMARK [1][-]{section.7.1}{\376\377\000P\000r\000i\000n\000c\000i\000p\000e\000s\000\040\000d\000e\000\040\000d\000\351\000v\000e\000l\000o\000p\000p\000e\000m\000e\000n\000t}{chapter.7}% 35
\BOOKMARK [2][-]{subsection.7.1.1}{\376\377\000S\000t\000r\000u\000c\000t\000u\000r\000e\000\040\000d\000e\000\040\000l\000'\000a\000l\000g\000o\000r\000i\000t\000h\000m\000e}{section.7.1}% 36
\BOOKMARK [2][-]{subsection.7.1.2}{\376\377\000L\000e\000s\000\040\000e\000s\000p\000a\000c\000e\000s\000\040\000d\000e\000\040\000n\000o\000m\000m\000a\000g\000e}{section.7.1}% 37
\BOOKMARK [1][-]{section.7.2}{\376\377\000C\000o\000n\000c\000e\000p\000t\000i\000o\000n\000\040\000d\000\351\000t\000a\000i\000l\000l\000\351\000e\000\040\000d\000e\000s\000\040\000f\000o\000n\000c\000t\000i\000o\000n\000s\000\040\000p\000r\000i\000n\000c\000i\000p\000a\000l\000e\000s}{chapter.7}% 38
\BOOKMARK [2][-]{subsection.7.2.1}{\376\377\000a\000n\000a\000l\000y\000s\000e\000\040\000F\000i\000c\000h\000i\000e\000r}{section.7.2}% 39
\BOOKMARK [2][-]{subsection.7.2.2}{\376\377\000C\000a\000s\000e\000s\000\040\000e\000s\000t\000\040\000p\000r\000e\000s\000e\000n\000t\000e\000\040\000d\000a\000n\000s\000\040\000p\000i\000l\000e}{section.7.2}% 40
\BOOKMARK [2][-]{subsection.7.2.3}{\376\377\000C\000o\000m\000p\000a\000r\000a\000i\000s\000o\000n\000\040\000c\000h\000e\000m\000i\000n\000s}{section.7.2}% 41
\BOOKMARK [2][-]{subsection.7.2.4}{\376\377\000c\000o\000n\000v\000e\000r\000s\000i\000o\000n\000\040\000c\000a\000s\000e\000s\000\040\000e\000n\000\040\000c\000a\000s\000e\000s\000\040\000e\000t\000\040\000d\000i\000r\000e\000c\000t\000i\000o\000n\000s}{section.7.2}% 42
\BOOKMARK [2][-]{subsection.7.2.5}{\376\377\000c\000o\000n\000v\000e\000r\000s\000i\000o\000n\000\040\000c\000a\000s\000e\000s\000\040\000e\000t\000\040\000d\000i\000r\000e\000c\000t\000i\000o\000n\000s\000\040\000e\000n\000\040\000o\000r\000d\000r\000e\000s}{section.7.2}% 43
\BOOKMARK [2][-]{subsection.7.2.6}{\376\377\000c\000h\000o\000i\000x\000\040\000o\000r\000d\000r\000e}{section.7.2}% 44
\BOOKMARK [2][-]{subsection.7.2.7}{\376\377\000C\000o\000p\000i\000e\000\040\000p\000i\000l\000e}{section.7.2}% 45
\BOOKMARK [2][-]{subsection.7.2.8}{\376\377\000c\000r\000e\000e\000r\000\040\000p\000a\000s\000s\000a\000g\000e}{section.7.2}% 46
\BOOKMARK [2][-]{subsection.7.2.9}{\376\377\000L\000o\000n\000g\000u\000e\000u\000r}{section.7.2}% 47
\BOOKMARK [2][-]{subsection.7.2.10}{\376\377\000p\000l\000u\000s\000\040\000c\000o\000u\000r\000t\000\040\000c\000h\000e\000m\000i\000n}{section.7.2}% 48
\BOOKMARK [2][-]{subsection.7.2.11}{\376\377\000t\000r\000o\000u\000v\000e\000r\000\040\000l\000e\000s\000\040\000c\000h\000e\000m\000i\000n\000s}{section.7.2}% 49
\BOOKMARK [1][-]{section.7.3}{\376\377\000D\000\351\000v\000e\000l\000o\000p\000p\000e\000m\000e\000n\000t\000\040\000e\000n\000\040\000l\000a\000n\000g\000a\000g\000e\000\040\000C}{chapter.7}% 50
\BOOKMARK [2][-]{subsection.7.3.1}{\376\377\000L\000e\000s\000\040\000.\000h\000\040\000p\000r\000i\000n\000c\000i\000p\000a\000u\000x}{section.7.3}% 51
\BOOKMARK [2][-]{subsection.7.3.2}{\376\377\000L\000e\000s\000\040\000.\000c\000\040\000p\000r\000i\000n\000c\000i\000p\000a\000u\000x}{section.7.3}% 52
\BOOKMARK [2][-]{subsection.7.3.3}{\376\377\000L\000e\000s\000\040\000.\000c\000\040\000d\000e\000\040\000l\000a\000\040\000p\000a\000r\000t\000i\000e\000\040\000\351\000l\000e\000c\000t\000r\000o\000n\000i\000q\000u\000e}{section.7.3}% 53
\BOOKMARK [1][-]{section.7.4}{\376\377\000T\000e\000s\000t\000s\000\040\000u\000n\000i\000t\000a\000i\000r\000e\000s}{chapter.7}% 54
\BOOKMARK [1][-]{section.7.5}{\376\377\000T\000e\000s\000t\000s\000\040\000d\000'\000i\000n\000t\000\351\000g\000r\000a\000t\000i\000o\000n\000s}{chapter.7}% 55
\BOOKMARK [2][-]{subsection.7.5.1}{\376\377\000P\000a\000r\000t\000i\000e\000\040\000a\000l\000g\000o\000r\000i\000t\000h\000m\000i\000q\000u\000e}{section.7.5}% 56
\BOOKMARK [2][-]{subsection.7.5.2}{\376\377\000P\000a\000r\000t\000i\000e\000\040\000\351\000l\000e\000c\000t\000r\000o\000n\000i\000q\000u\000e}{section.7.5}% 57
\BOOKMARK [0][-]{chapter.8}{\376\377\000C\000o\000n\000c\000l\000u\000s\000i\000o\000n}{}% 58
\BOOKMARK [1][-]{section.8.1}{\376\377\000C\000o\000n\000c\000l\000u\000s\000i\000o\000n\000\040\000g\000l\000o\000b\000a\000l\000e\000\040\000s\000u\000r\000\040\000l\000e\000\040\000p\000r\000o\000j\000e\000t}{chapter.8}% 59
\BOOKMARK [1][-]{section.8.2}{\376\377\000R\000e\000s\000s\000e\000n\000t\000i\000\040\000p\000e\000r\000s\000o\000n\000n\000e\000l\000\040\000d\000e\000\040\000c\000h\000a\000q\000u\000e\000\040\000m\000e\000m\000b\000r\000e\000\040\000\040\000d\000u\000\040\000p\000r\000o\000j\000e\000t}{chapter.8}% 60
\BOOKMARK [0][-]{chapter.9}{\376\377\000A\000n\000n\000e\000x\000e\000s}{}% 61
\BOOKMARK [1][-]{section.9.1}{\376\377\000R\000\351\000f\000\351\000r\000e\000n\000c\000e\000s\000\040\000b\000i\000b\000l\000i\000o\000g\000r\000a\000p\000h\000i\000q\000u\000e\000s}{chapter.9}% 62
\BOOKMARK [1][-]{section.9.2}{\376\377\000G\000l\000o\000s\000s\000a\000i\000r\000e}{chapter.9}% 63
\BOOKMARK [1][-]{section.9.3}{\376\377\000A\000n\000a\000l\000y\000s\000e\000s\000\040\000d\000e\000s\000c\000e\000n\000d\000e\000n\000t\000e\000\040\000v\000e\000r\000s\000i\000o\000n\000\040\000P\000D\000F}{chapter.9}% 64
\BOOKMARK [1][-]{section.9.4}{\376\377\000F\000i\000c\000h\000i\000e\000r\000s\000\040\000.\000c}{chapter.9}% 65
\BOOKMARK [2][-]{subsection.9.4.1}{\376\377\000L\000e\000s\000\040\000T\000y\000p\000e\000s}{section.9.4}% 66
